<?xml version="1.0" encoding="UTF-8"?>
<testng-results skipped="0" failed="2" ignored="0" total="2" passed="0">
  <reporter-output>
    <line>
      <![CDATA[/Users/kiran/eclipse-workspace/gojekTest/TestData/null (No such file or directory)]]>
    </line>
    <line>
      <![CDATA[Action:Verify]]>
    </line>
    <line>
      <![CDATA[Price on Buy now page:20,000]]>
    </line>
    <line>
      <![CDATA[Action:click]]>
    </line>
    <line>
      <![CDATA[Clicking on Buy Now Button]]>
    </line>
    <line>
      <![CDATA[clicked on buyNow Button]]>
    </line>
    <line>
      <![CDATA[Action:Verify]]>
    </line>
    <line>
      <![CDATA[Action:click]]>
    </line>
    <line>
      <![CDATA[Clicking on checkout Button]]>
    </line>
    <line>
      <![CDATA[clicked on checkout Button]]>
    </line>
    <line>
      <![CDATA[Action:click]]>
    </line>
    <line>
      <![CDATA[Clicking on continue Button]]>
    </line>
    <line>
      <![CDATA[Action:Verify]]>
    </line>
  </reporter-output>
  <suite name="Default suite" duration-ms="149779" started-at="2019-09-22T10:45:04Z" finished-at="2019-09-22T10:47:33Z">
    <groups>
    </groups>
    <test name="Default test" duration-ms="149779" started-at="2019-09-22T10:45:04Z" finished-at="2019-09-22T10:47:33Z">
      <class name="goJek.gojekTest.PillowPurchase">
        <test-method status="PASS" signature="launchDriver()[pri:0, instance:goJek.gojekTest.PillowPurchase@2f7298b]" name="launchDriver" is-config="true" duration-ms="10815" started-at="2019-09-22T10:44:53Z" finished-at="2019-09-22T10:45:04Z">
          <reporter-output>
          </reporter-output>
        </test-method> <!-- launchDriver -->
        <test-method status="PASS" signature="loadTestData()[pri:0, instance:goJek.gojekTest.PillowPurchase@2f7298b]" name="loadTestData" is-config="true" duration-ms="36" started-at="2019-09-22T10:45:04Z" finished-at="2019-09-22T10:45:04Z">
          <reporter-output>
            <line>
              <![CDATA[/Users/kiran/eclipse-workspace/gojekTest/TestData/null (No such file or directory)]]>
            </line>
          </reporter-output>
        </test-method> <!-- loadTestData -->
        <test-method status="FAIL" signature="testPillowPurchaseE2E(java.lang.String, java.lang.String, java.lang.String, java.lang.String, java.lang.String)[pri:0, instance:goJek.gojekTest.PillowPurchase@2f7298b]" name="testPillowPurchaseE2E" duration-ms="129597" started-at="2019-09-22T10:45:04Z" data-provider="Test Data" finished-at="2019-09-22T10:47:13Z">
          <params>
            <param index="0">
              <value>
                <![CDATA[4811 1111 1111 1114]]>
              </value>
            </param>
            <param index="1">
              <value>
                <![CDATA[02/20]]>
              </value>
            </param>
            <param index="2">
              <value>
                <![CDATA[123]]>
              </value>
            </param>
            <param index="3">
              <value>
                <![CDATA[112233]]>
              </value>
            </param>
            <param index="4">
              <value>
                <![CDATA[Transaction Successful]]>
              </value>
            </param>
          </params>
          <exception class="org.openqa.selenium.NoSuchElementException">
            <message>
              <![CDATA[no such element: Unable to locate element: {"method":"css selector","selector":".\/\/div\[\@class\=\'sprite\ btn\-main\-next\'\]"}
  (Session info: chrome=77.0.3865.90)
For documentation on this error, please visit: http://seleniumhq.org/exceptions/no_such_element.html
Build info: version: '3.12.0', revision: '7c6e0b3', time: '2018-05-08T14:04:26.12Z'
System info: host: '197BLRMB4000147-2.local', ip: 'fe80:0:0:0:ce8:b086:a9b5:e7ec%en0', os.name: 'Mac OS X', os.arch: 'x86_64', os.version: '10.14.6', java.version: '1.8.0_201'
Driver info: org.openqa.selenium.chrome.ChromeDriver
Capabilities {acceptInsecureCerts: false, browserName: chrome, browserVersion: 77.0.3865.90, chrome: {chromedriverVersion: 77.0.3865.40 (f484704e052e0..., userDataDir: /var/folders/bl/31b7jtcs461...}, goog:chromeOptions: {debuggerAddress: localhost:55311}, javascriptEnabled: true, networkConnectionEnabled: false, pageLoadStrategy: normal, platform: MAC, platformName: MAC, proxy: Proxy(), setWindowRect: true, strictFileInteractability: false, timeouts: {implicit: 0, pageLoad: 300000, script: 30000}, unhandledPromptBehavior: dismiss and notify}
Session ID: 6fcf5ac79562071bbde578ac0057f8a5
*** Element info: {Using=class name, value=//div[@class='sprite btn-main-next']}]]>
            </message>
            <full-stacktrace>
              <![CDATA[org.openqa.selenium.NoSuchElementException: no such element: Unable to locate element: {"method":"css selector","selector":".\/\/div\[\@class\=\'sprite\ btn\-main\-next\'\]"}
  (Session info: chrome=77.0.3865.90)
For documentation on this error, please visit: http://seleniumhq.org/exceptions/no_such_element.html
Build info: version: '3.12.0', revision: '7c6e0b3', time: '2018-05-08T14:04:26.12Z'
System info: host: '197BLRMB4000147-2.local', ip: 'fe80:0:0:0:ce8:b086:a9b5:e7ec%en0', os.name: 'Mac OS X', os.arch: 'x86_64', os.version: '10.14.6', java.version: '1.8.0_201'
Driver info: org.openqa.selenium.chrome.ChromeDriver
Capabilities {acceptInsecureCerts: false, browserName: chrome, browserVersion: 77.0.3865.90, chrome: {chromedriverVersion: 77.0.3865.40 (f484704e052e0..., userDataDir: /var/folders/bl/31b7jtcs461...}, goog:chromeOptions: {debuggerAddress: localhost:55311}, javascriptEnabled: true, networkConnectionEnabled: false, pageLoadStrategy: normal, platform: MAC, platformName: MAC, proxy: Proxy(), setWindowRect: true, strictFileInteractability: false, timeouts: {implicit: 0, pageLoad: 300000, script: 30000}, unhandledPromptBehavior: dismiss and notify}
Session ID: 6fcf5ac79562071bbde578ac0057f8a5
*** Element info: {Using=class name, value=//div[@class='sprite btn-main-next']}
at sun.reflect.NativeConstructorAccessorImpl.newInstance0(Native Method)
at sun.reflect.NativeConstructorAccessorImpl.newInstance(NativeConstructorAccessorImpl.java:62)
at sun.reflect.DelegatingConstructorAccessorImpl.newInstance(DelegatingConstructorAccessorImpl.java:45)
at java.lang.reflect.Constructor.newInstance(Constructor.java:423)
at org.openqa.selenium.remote.http.W3CHttpResponseCodec.createException(W3CHttpResponseCodec.java:187)
at org.openqa.selenium.remote.http.W3CHttpResponseCodec.decode(W3CHttpResponseCodec.java:122)
at org.openqa.selenium.remote.http.W3CHttpResponseCodec.decode(W3CHttpResponseCodec.java:49)
at org.openqa.selenium.remote.HttpCommandExecutor.execute(HttpCommandExecutor.java:158)
at org.openqa.selenium.remote.service.DriverCommandExecutor.execute(DriverCommandExecutor.java:83)
at org.openqa.selenium.remote.RemoteWebDriver.execute(RemoteWebDriver.java:543)
at org.openqa.selenium.remote.RemoteWebDriver.findElement(RemoteWebDriver.java:317)
at org.openqa.selenium.remote.RemoteWebDriver.findElementByClassName(RemoteWebDriver.java:403)
at org.openqa.selenium.By$ByClassName.findElement(By.java:389)
at org.openqa.selenium.remote.RemoteWebDriver.findElement(RemoteWebDriver.java:309)
at com.gojektest.baseUtils.BasePage.clickByJavaScript(BasePage.java:40)
at com.midTrans.pages.BuynowPage.clickbtnContinue(BuynowPage.java:59)
at goJek.gojekTest.PillowPurchase.testPillowPurchaseE2E(PillowPurchase.java:33)
at sun.reflect.NativeMethodAccessorImpl.invoke0(Native Method)
at sun.reflect.NativeMethodAccessorImpl.invoke(NativeMethodAccessorImpl.java:62)
at sun.reflect.DelegatingMethodAccessorImpl.invoke(DelegatingMethodAccessorImpl.java:43)
at java.lang.reflect.Method.invoke(Method.java:498)
at org.testng.internal.MethodInvocationHelper.invokeMethod(MethodInvocationHelper.java:124)
at org.testng.internal.Invoker.invokeMethod(Invoker.java:580)
at org.testng.internal.Invoker.invokeTestMethod(Invoker.java:716)
at org.testng.internal.Invoker.invokeTestMethods(Invoker.java:988)
at org.testng.internal.TestMethodWorker.invokeTestMethods(TestMethodWorker.java:125)
at org.testng.internal.TestMethodWorker.run(TestMethodWorker.java:109)
at org.testng.TestRunner.privateRun(TestRunner.java:648)
at org.testng.TestRunner.run(TestRunner.java:505)
at org.testng.SuiteRunner.runTest(SuiteRunner.java:455)
at org.testng.SuiteRunner.runSequentially(SuiteRunner.java:450)
at org.testng.SuiteRunner.privateRun(SuiteRunner.java:415)
at org.testng.SuiteRunner.run(SuiteRunner.java:364)
at org.testng.SuiteRunnerWorker.runSuite(SuiteRunnerWorker.java:52)
at org.testng.SuiteRunnerWorker.run(SuiteRunnerWorker.java:84)
at org.testng.TestNG.runSuitesSequentially(TestNG.java:1208)
at org.testng.TestNG.runSuitesLocally(TestNG.java:1137)
at org.testng.TestNG.runSuites(TestNG.java:1049)
at org.testng.TestNG.run(TestNG.java:1017)
at org.testng.remote.AbstractRemoteTestNG.run(AbstractRemoteTestNG.java:115)
at org.testng.remote.RemoteTestNG.initAndRun(RemoteTestNG.java:251)
at org.testng.remote.RemoteTestNG.main(RemoteTestNG.java:77)
]]>
            </full-stacktrace>
          </exception> <!-- org.openqa.selenium.NoSuchElementException -->
          <reporter-output>
            <line>
              <![CDATA[Action:Verify]]>
            </line>
            <line>
              <![CDATA[Price on Buy now page:20,000]]>
            </line>
            <line>
              <![CDATA[Action:click]]>
            </line>
            <line>
              <![CDATA[Clicking on Buy Now Button]]>
            </line>
            <line>
              <![CDATA[clicked on buyNow Button]]>
            </line>
            <line>
              <![CDATA[Action:Verify]]>
            </line>
            <line>
              <![CDATA[Action:click]]>
            </line>
            <line>
              <![CDATA[Clicking on checkout Button]]>
            </line>
            <line>
              <![CDATA[clicked on checkout Button]]>
            </line>
            <line>
              <![CDATA[Action:click]]>
            </line>
            <line>
              <![CDATA[Clicking on continue Button]]>
            </line>
          </reporter-output>
        </test-method> <!-- testPillowPurchaseE2E -->
        <test-method status="FAIL" signature="testPillowPurchaseE2E(java.lang.String, java.lang.String, java.lang.String, java.lang.String, java.lang.String)[pri:0, instance:goJek.gojekTest.PillowPurchase@2f7298b]" name="testPillowPurchaseE2E" duration-ms="20074" started-at="2019-09-22T10:47:13Z" data-provider="Test Data" finished-at="2019-09-22T10:47:33Z">
          <params>
            <param index="0">
              <value>
                <![CDATA[4811 1111 1111 1113]]>
              </value>
            </param>
            <param index="1">
              <value>
                <![CDATA[02/20]]>
              </value>
            </param>
            <param index="2">
              <value>
                <![CDATA[123]]>
              </value>
            </param>
            <param index="3">
              <value>
                <![CDATA[112233]]>
              </value>
            </param>
            <param index="4">
              <value>
                <![CDATA[Transaction Failed]]>
              </value>
            </param>
          </params>
          <exception class="org.openqa.selenium.NoSuchElementException">
            <message>
              <![CDATA[no such element: Unable to locate element: {"method":"xpath","selector":"//div[@class='price']/span[2]"}
  (Session info: chrome=77.0.3865.90)
For documentation on this error, please visit: http://seleniumhq.org/exceptions/no_such_element.html
Build info: version: '3.12.0', revision: '7c6e0b3', time: '2018-05-08T14:04:26.12Z'
System info: host: '197BLRMB4000147-2.local', ip: 'fe80:0:0:0:ce8:b086:a9b5:e7ec%en0', os.name: 'Mac OS X', os.arch: 'x86_64', os.version: '10.14.6', java.version: '1.8.0_201'
Driver info: org.openqa.selenium.chrome.ChromeDriver
Capabilities {acceptInsecureCerts: false, browserName: chrome, browserVersion: 77.0.3865.90, chrome: {chromedriverVersion: 77.0.3865.40 (f484704e052e0..., userDataDir: /var/folders/bl/31b7jtcs461...}, goog:chromeOptions: {debuggerAddress: localhost:55311}, javascriptEnabled: true, networkConnectionEnabled: false, pageLoadStrategy: normal, platform: MAC, platformName: MAC, proxy: Proxy(), setWindowRect: true, strictFileInteractability: false, timeouts: {implicit: 0, pageLoad: 300000, script: 30000}, unhandledPromptBehavior: dismiss and notify}
Session ID: 6fcf5ac79562071bbde578ac0057f8a5
*** Element info: {Using=xpath, value=//div[@class='price']/span[2]}]]>
            </message>
            <full-stacktrace>
              <![CDATA[org.openqa.selenium.NoSuchElementException: no such element: Unable to locate element: {"method":"xpath","selector":"//div[@class='price']/span[2]"}
  (Session info: chrome=77.0.3865.90)
For documentation on this error, please visit: http://seleniumhq.org/exceptions/no_such_element.html
Build info: version: '3.12.0', revision: '7c6e0b3', time: '2018-05-08T14:04:26.12Z'
System info: host: '197BLRMB4000147-2.local', ip: 'fe80:0:0:0:ce8:b086:a9b5:e7ec%en0', os.name: 'Mac OS X', os.arch: 'x86_64', os.version: '10.14.6', java.version: '1.8.0_201'
Driver info: org.openqa.selenium.chrome.ChromeDriver
Capabilities {acceptInsecureCerts: false, browserName: chrome, browserVersion: 77.0.3865.90, chrome: {chromedriverVersion: 77.0.3865.40 (f484704e052e0..., userDataDir: /var/folders/bl/31b7jtcs461...}, goog:chromeOptions: {debuggerAddress: localhost:55311}, javascriptEnabled: true, networkConnectionEnabled: false, pageLoadStrategy: normal, platform: MAC, platformName: MAC, proxy: Proxy(), setWindowRect: true, strictFileInteractability: false, timeouts: {implicit: 0, pageLoad: 300000, script: 30000}, unhandledPromptBehavior: dismiss and notify}
Session ID: 6fcf5ac79562071bbde578ac0057f8a5
*** Element info: {Using=xpath, value=//div[@class='price']/span[2]}
at sun.reflect.NativeConstructorAccessorImpl.newInstance0(Native Method)
at sun.reflect.NativeConstructorAccessorImpl.newInstance(NativeConstructorAccessorImpl.java:62)
at sun.reflect.DelegatingConstructorAccessorImpl.newInstance(DelegatingConstructorAccessorImpl.java:45)
at java.lang.reflect.Constructor.newInstance(Constructor.java:423)
at org.openqa.selenium.remote.http.W3CHttpResponseCodec.createException(W3CHttpResponseCodec.java:187)
at org.openqa.selenium.remote.http.W3CHttpResponseCodec.decode(W3CHttpResponseCodec.java:122)
at org.openqa.selenium.remote.http.W3CHttpResponseCodec.decode(W3CHttpResponseCodec.java:49)
at org.openqa.selenium.remote.HttpCommandExecutor.execute(HttpCommandExecutor.java:158)
at org.openqa.selenium.remote.service.DriverCommandExecutor.execute(DriverCommandExecutor.java:83)
at org.openqa.selenium.remote.RemoteWebDriver.execute(RemoteWebDriver.java:543)
at org.openqa.selenium.remote.RemoteWebDriver.findElement(RemoteWebDriver.java:317)
at org.openqa.selenium.remote.RemoteWebDriver.findElementByXPath(RemoteWebDriver.java:419)
at org.openqa.selenium.By$ByXPath.findElement(By.java:353)
at org.openqa.selenium.remote.RemoteWebDriver.findElement(RemoteWebDriver.java:309)
at com.gojektest.baseUtils.BasePage.waitForElementPresent(BasePage.java:51)
at com.gojektest.baseUtils.BaseTest.isElementPresent(BaseTest.java:112)
at goJek.gojekTest.PillowPurchase.testPillowPurchaseE2E(PillowPurchase.java:23)
at sun.reflect.NativeMethodAccessorImpl.invoke0(Native Method)
at sun.reflect.NativeMethodAccessorImpl.invoke(NativeMethodAccessorImpl.java:62)
at sun.reflect.DelegatingMethodAccessorImpl.invoke(DelegatingMethodAccessorImpl.java:43)
at java.lang.reflect.Method.invoke(Method.java:498)
at org.testng.internal.MethodInvocationHelper.invokeMethod(MethodInvocationHelper.java:124)
at org.testng.internal.Invoker.invokeMethod(Invoker.java:580)
at org.testng.internal.Invoker.invokeTestMethod(Invoker.java:716)
at org.testng.internal.Invoker.invokeTestMethods(Invoker.java:988)
at org.testng.internal.TestMethodWorker.invokeTestMethods(TestMethodWorker.java:125)
at org.testng.internal.TestMethodWorker.run(TestMethodWorker.java:109)
at org.testng.TestRunner.privateRun(TestRunner.java:648)
at org.testng.TestRunner.run(TestRunner.java:505)
at org.testng.SuiteRunner.runTest(SuiteRunner.java:455)
at org.testng.SuiteRunner.runSequentially(SuiteRunner.java:450)
at org.testng.SuiteRunner.privateRun(SuiteRunner.java:415)
at org.testng.SuiteRunner.run(SuiteRunner.java:364)
at org.testng.SuiteRunnerWorker.runSuite(SuiteRunnerWorker.java:52)
at org.testng.SuiteRunnerWorker.run(SuiteRunnerWorker.java:84)
at org.testng.TestNG.runSuitesSequentially(TestNG.java:1208)
at org.testng.TestNG.runSuitesLocally(TestNG.java:1137)
at org.testng.TestNG.runSuites(TestNG.java:1049)
at org.testng.TestNG.run(TestNG.java:1017)
at org.testng.remote.AbstractRemoteTestNG.run(AbstractRemoteTestNG.java:115)
at org.testng.remote.RemoteTestNG.initAndRun(RemoteTestNG.java:251)
at org.testng.remote.RemoteTestNG.main(RemoteTestNG.java:77)
]]>
            </full-stacktrace>
          </exception> <!-- org.openqa.selenium.NoSuchElementException -->
          <reporter-output>
            <line>
              <![CDATA[Action:Verify]]>
            </line>
          </reporter-output>
        </test-method> <!-- testPillowPurchaseE2E -->
        <test-method status="PASS" signature="quitDriver()[pri:0, instance:goJek.gojekTest.PillowPurchase@2f7298b]" name="quitDriver" is-config="true" duration-ms="225" started-at="2019-09-22T10:47:39Z" finished-at="2019-09-22T10:47:39Z">
          <reporter-output>
          </reporter-output>
        </test-method> <!-- quitDriver -->
      </class> <!-- goJek.gojekTest.PillowPurchase -->
    </test> <!-- Default test -->
  </suite> <!-- Default suite -->
</testng-results>
