<?xml version="1.0" encoding="UTF-8"?>
<!-- Generated by org.testng.reporters.JUnitReportReporter -->
<testsuite skipped="0" hostname="197BLRMB4000147-2.local" name="goJek.gojekTest.SampleTest" tests="1" failures="0" timestamp="20 Sep 2019 04:12:33 GMT" time="14.872" errors="1">
  <testcase name="launch" time="14.872" classname="goJek.gojekTest.SampleTest">
    <error type="org.openqa.selenium.SessionNotCreatedException" message="session not created: This version of ChromeDriver only supports Chrome version 77
Build info: version: &#039;3.12.0&#039;, revision: &#039;7c6e0b3&#039;, time: &#039;2018-05-08T14:04:26.12Z&#039;
System info: host: &#039;197BLRMB4000147-2.local&#039;, ip: &#039;fe80:0:0:0:ce8:b086:a9b5:e7ec%en0&#039;, os.name: &#039;Mac OS X&#039;, os.arch: &#039;x86_64&#039;, os.version: &#039;10.14.6&#039;, java.version: &#039;1.8.0_201&#039;
Driver info: driver.version: ChromeDriver
remote stacktrace: 0   chromedriver                        0x000000010b038f09 chromedriver + 3694345
1   chromedriver                        0x000000010afc5fd3 chromedriver + 3223507
2   chromedriver                        0x000000010ad6558f chromedriver + 730511
3   chromedriver                        0x000000010accb10b chromedriver + 98571
4   chromedriver                        0x000000010acc722a chromedriver + 82474
5   chromedriver                        0x000000010acf4b71 chromedriver + 269169
6   chromedriver                        0x000000010acf1e83 chromedriver + 257667
7   chromedriver                        0x000000010accd23d chromedriver + 107069
8   chromedriver                        0x000000010acce1d5 chromedriver + 111061
9   chromedriver                        0x000000010aff407f chromedriver + 3412095
10  chromedriver                        0x000000010b000ced chromedriver + 3464429
11  chromedriver                        0x000000010b000a78 chromedriver + 3463800
12  chromedriver                        0x000000010afd3959 chromedriver + 3279193
13  chromedriver                        0x000000010b001548 chromedriver + 3466568
14  chromedriver                        0x000000010afe81b7 chromedriver + 3363255
15  chromedriver                        0x000000010b01f474 chromedriver + 3589236
16  chromedriver                        0x000000010b03ece7 chromedriver + 3718375
17  libsystem_pthread.dylib             0x00007fff6ce882eb _pthread_body + 126
18  libsystem_pthread.dylib             0x00007fff6ce8b249 _pthread_start + 66
19  libsystem_pthread.dylib             0x00007fff6ce8740d thread_start + 13
">
      <![CDATA[org.openqa.selenium.SessionNotCreatedException: session not created: This version of ChromeDriver only supports Chrome version 77
Build info: version: '3.12.0', revision: '7c6e0b3', time: '2018-05-08T14:04:26.12Z'
System info: host: '197BLRMB4000147-2.local', ip: 'fe80:0:0:0:ce8:b086:a9b5:e7ec%en0', os.name: 'Mac OS X', os.arch: 'x86_64', os.version: '10.14.6', java.version: '1.8.0_201'
Driver info: driver.version: ChromeDriver
remote stacktrace: 0   chromedriver                        0x000000010b038f09 chromedriver + 3694345
1   chromedriver                        0x000000010afc5fd3 chromedriver + 3223507
2   chromedriver                        0x000000010ad6558f chromedriver + 730511
3   chromedriver                        0x000000010accb10b chromedriver + 98571
4   chromedriver                        0x000000010acc722a chromedriver + 82474
5   chromedriver                        0x000000010acf4b71 chromedriver + 269169
6   chromedriver                        0x000000010acf1e83 chromedriver + 257667
7   chromedriver                        0x000000010accd23d chromedriver + 107069
8   chromedriver                        0x000000010acce1d5 chromedriver + 111061
9   chromedriver                        0x000000010aff407f chromedriver + 3412095
10  chromedriver                        0x000000010b000ced chromedriver + 3464429
11  chromedriver                        0x000000010b000a78 chromedriver + 3463800
12  chromedriver                        0x000000010afd3959 chromedriver + 3279193
13  chromedriver                        0x000000010b001548 chromedriver + 3466568
14  chromedriver                        0x000000010afe81b7 chromedriver + 3363255
15  chromedriver                        0x000000010b01f474 chromedriver + 3589236
16  chromedriver                        0x000000010b03ece7 chromedriver + 3718375
17  libsystem_pthread.dylib             0x00007fff6ce882eb _pthread_body + 126
18  libsystem_pthread.dylib             0x00007fff6ce8b249 _pthread_start + 66
19  libsystem_pthread.dylib             0x00007fff6ce8740d thread_start + 13

at sun.reflect.NativeConstructorAccessorImpl.newInstance0(Native Method)
at sun.reflect.NativeConstructorAccessorImpl.newInstance(NativeConstructorAccessorImpl.java:62)
at sun.reflect.DelegatingConstructorAccessorImpl.newInstance(DelegatingConstructorAccessorImpl.java:45)
at java.lang.reflect.Constructor.newInstance(Constructor.java:423)
at org.openqa.selenium.remote.W3CHandshakeResponse.lambda$new$0(W3CHandshakeResponse.java:57)
at org.openqa.selenium.remote.W3CHandshakeResponse.lambda$getResponseFunction$2(W3CHandshakeResponse.java:104)
at org.openqa.selenium.remote.ProtocolHandshake.lambda$createSession$0(ProtocolHandshake.java:123)
at java.util.stream.ReferencePipeline$3$1.accept(ReferencePipeline.java:193)
at java.util.Spliterators$ArraySpliterator.tryAdvance(Spliterators.java:958)
at java.util.stream.ReferencePipeline.forEachWithCancel(ReferencePipeline.java:126)
at java.util.stream.AbstractPipeline.copyIntoWithCancel(AbstractPipeline.java:498)
at java.util.stream.AbstractPipeline.copyInto(AbstractPipeline.java:485)
at java.util.stream.AbstractPipeline.wrapAndCopyInto(AbstractPipeline.java:471)
at java.util.stream.FindOps$FindOp.evaluateSequential(FindOps.java:152)
at java.util.stream.AbstractPipeline.evaluate(AbstractPipeline.java:234)
at java.util.stream.ReferencePipeline.findFirst(ReferencePipeline.java:464)
at org.openqa.selenium.remote.ProtocolHandshake.createSession(ProtocolHandshake.java:126)
at org.openqa.selenium.remote.ProtocolHandshake.createSession(ProtocolHandshake.java:73)
at org.openqa.selenium.remote.HttpCommandExecutor.execute(HttpCommandExecutor.java:136)
at org.openqa.selenium.remote.service.DriverCommandExecutor.execute(DriverCommandExecutor.java:83)
at org.openqa.selenium.remote.RemoteWebDriver.execute(RemoteWebDriver.java:543)
at org.openqa.selenium.remote.RemoteWebDriver.startSession(RemoteWebDriver.java:207)
at org.openqa.selenium.remote.RemoteWebDriver.<init>(RemoteWebDriver.java:130)
at org.openqa.selenium.chrome.ChromeDriver.<init>(ChromeDriver.java:181)
at org.openqa.selenium.chrome.ChromeDriver.<init>(ChromeDriver.java:168)
at org.openqa.selenium.chrome.ChromeDriver.<init>(ChromeDriver.java:123)
at goJek.gojekTest.SampleTest.launch(SampleTest.java:16)
at sun.reflect.NativeMethodAccessorImpl.invoke0(Native Method)
at sun.reflect.NativeMethodAccessorImpl.invoke(NativeMethodAccessorImpl.java:62)
at sun.reflect.DelegatingMethodAccessorImpl.invoke(DelegatingMethodAccessorImpl.java:43)
at java.lang.reflect.Method.invoke(Method.java:498)
at org.testng.internal.MethodInvocationHelper.invokeMethod(MethodInvocationHelper.java:124)
at org.testng.internal.Invoker.invokeMethod(Invoker.java:580)
at org.testng.internal.Invoker.invokeTestMethod(Invoker.java:716)
at org.testng.internal.Invoker.invokeTestMethods(Invoker.java:988)
at org.testng.internal.TestMethodWorker.invokeTestMethods(TestMethodWorker.java:125)
at org.testng.internal.TestMethodWorker.run(TestMethodWorker.java:109)
at org.testng.TestRunner.privateRun(TestRunner.java:648)
at org.testng.TestRunner.run(TestRunner.java:505)
at org.testng.SuiteRunner.runTest(SuiteRunner.java:455)
at org.testng.SuiteRunner.runSequentially(SuiteRunner.java:450)
at org.testng.SuiteRunner.privateRun(SuiteRunner.java:415)
at org.testng.SuiteRunner.run(SuiteRunner.java:364)
at org.testng.SuiteRunnerWorker.runSuite(SuiteRunnerWorker.java:52)
at org.testng.SuiteRunnerWorker.run(SuiteRunnerWorker.java:84)
at org.testng.TestNG.runSuitesSequentially(TestNG.java:1208)
at org.testng.TestNG.runSuitesLocally(TestNG.java:1137)
at org.testng.TestNG.runSuites(TestNG.java:1049)
at org.testng.TestNG.run(TestNG.java:1017)
at org.testng.remote.AbstractRemoteTestNG.run(AbstractRemoteTestNG.java:115)
at org.testng.remote.RemoteTestNG.initAndRun(RemoteTestNG.java:251)
at org.testng.remote.RemoteTestNG.main(RemoteTestNG.java:77)
]]>
    </error>
  </testcase> <!-- launch -->
</testsuite> <!-- goJek.gojekTest.SampleTest -->
